INFO:root:we are hitting - https://swapi.dev/api/people/1/
INFO:root:success - 200
INFO:root:we are hitting - https://swapi.dev/api/people/2/
INFO:root:success - 200
INFO:root:we are hitting - https://swapi.dev/api/people/3/
INFO:root:success - 200
INFO:root:we are hitting - https://swapi.dev/api/people/4/
INFO:root:success - 200
INFO:root:we are hitting - https://swapi.dev/api/people/5/
INFO:root:success - 200
INFO:root:we are hitting - https://swapi.dev/api/people/6/
INFO:root:success - 200
INFO:root:we are hitting - https://swapi.dev/api/people/7/
INFO:root:success - 200
INFO:root:we are hitting - https://swapi.dev/api/people/8/
INFO:root:success - 200
INFO:root:we are hitting - https://swapi.dev/api/people/9/
INFO:root:success - 200
INFO:root:we are hitting - https://swapi.dev/api/people/10/
INFO:root:success - 200
INFO:root:we are hitting - https://swapi.dev/api/people/12/
INFO:root:success - 200
INFO:root:we are hitting - https://swapi.dev/api/people/13/
INFO:root:success - 200
INFO:root:we are hitting - https://swapi.dev/api/people/14/
INFO:root:success - 200
INFO:root:we are hitting - https://swapi.dev/api/people/15/
INFO:root:success - 200
INFO:root:we are hitting - https://swapi.dev/api/people/16/
INFO:root:success - 200
INFO:root:we are hitting - https://swapi.dev/api/people/18/
INFO:root:success - 200
INFO:root:we are hitting - https://swapi.dev/api/people/19/
INFO:root:success - 200
INFO:root:we are hitting - https://swapi.dev/api/people/81/
INFO:root:success - 200
INFO:root:we are hitting - https://swapi.dev/api/people/1/
INFO:root:success - 200
INFO:root:we are hitting - https://swapi.dev/api/people/2/
INFO:root:success - 200
INFO:root:we are hitting - https://swapi.dev/api/people/3/
INFO:root:success - 200
INFO:root:we are hitting - https://swapi.dev/api/people/4/
INFO:root:success - 200
INFO:root:we are hitting - https://swapi.dev/api/people/5/
INFO:root:success - 200
INFO:root:we are hitting - https://swapi.dev/api/people/6/
INFO:root:success - 200
INFO:root:we are hitting - https://swapi.dev/api/people/7/
INFO:root:success - 200
INFO:root:we are hitting - https://swapi.dev/api/people/8/
INFO:root:success - 200
INFO:root:we are hitting - https://swapi.dev/api/people/9/
INFO:root:success - 200
INFO:root:we are hitting - https://swapi.dev/api/people/10/
INFO:root:success - 200
INFO:root:we are hitting - https://swapi.dev/api/people/12/
INFO:root:success - 200
INFO:root:we are hitting - https://swapi.dev/api/people/13/
INFO:root:success - 200
INFO:root:we are hitting - https://swapi.dev/api/people/14/
INFO:root:success - 200
INFO:root:we are hitting - https://swapi.dev/api/people/15/
INFO:root:success - 200
INFO:root:we are hitting - https://swapi.dev/api/people/16/
INFO:root:success - 200
INFO:root:we are hitting - https://swapi.dev/api/people/18/
INFO:root:success - 200
INFO:root:we are hitting - https://swapi.dev/api/people/19/
INFO:root:success - 200
INFO:root:we are hitting - https://swapi.dev/api/people/81/
INFO:root:success - 200
INFO:root:we are hitting - https://swapi.dev/api/planets/1/
INFO:root:success - 200
INFO:root:we are hitting - https://swapi.dev/api/planets/2/
INFO:root:success - 200
INFO:root:we are hitting - https://swapi.dev/api/planets/3/
INFO:root:success - 200
INFO:root:we are hitting - https://swapi.dev/api/people/1/
INFO:root:success - 200
INFO:root:we are hitting - https://swapi.dev/api/people/2/
INFO:root:success - 200
INFO:root:we are hitting - https://swapi.dev/api/people/3/
INFO:root:success - 200
INFO:root:we are hitting - https://swapi.dev/api/people/4/
INFO:root:success - 200
INFO:root:we are hitting - https://swapi.dev/api/people/5/
INFO:root:success - 200
INFO:root:we are hitting - https://swapi.dev/api/people/6/
INFO:root:success - 200
INFO:root:we are hitting - https://swapi.dev/api/people/7/
INFO:root:success - 200
INFO:root:we are hitting - https://swapi.dev/api/people/8/
INFO:root:success - 200
INFO:root:we are hitting - https://swapi.dev/api/people/9/
INFO:root:success - 200
INFO:root:we are hitting - https://swapi.dev/api/people/10/
INFO:root:success - 200
INFO:root:we are hitting - https://swapi.dev/api/people/12/
INFO:root:success - 200
INFO:root:we are hitting - https://swapi.dev/api/people/13/
INFO:root:success - 200
INFO:root:we are hitting - https://swapi.dev/api/people/14/
INFO:root:success - 200
INFO:root:we are hitting - https://swapi.dev/api/people/15/
INFO:root:success - 200
INFO:root:we are hitting - https://swapi.dev/api/people/16/
INFO:root:success - 200
INFO:root:we are hitting - https://swapi.dev/api/people/18/
INFO:root:success - 200
INFO:root:we are hitting - https://swapi.dev/api/people/19/
INFO:root:success - 200
INFO:root:we are hitting - https://swapi.dev/api/people/81/
INFO:root:success - 200
INFO:root:we are hitting - https://swapi.dev/api/planets/1/
INFO:root:success - 200
INFO:root:we are hitting - https://swapi.dev/api/planets/2/
INFO:root:success - 200
INFO:root:we are hitting - https://swapi.dev/api/planets/3/
INFO:root:success - 200
INFO:root:we are hitting - https://swapi.dev/api/vehicles/4/
INFO:root:success - 200
INFO:root:we are hitting - https://swapi.dev/api/vehicles/6/
INFO:root:success - 200
INFO:root:we are hitting - https://swapi.dev/api/vehicles/7/
INFO:root:success - 200
INFO:root:we are hitting - https://swapi.dev/api/vehicles/8/
INFO:root:success - 200
INFO:root:we are hitting - https://swapi.dev/api/people/1/
INFO:root:success - 200
INFO:root:we are hitting - https://swapi.dev/api/people/2/
INFO:root:success - 200
INFO:root:we are hitting - https://swapi.dev/api/people/3/
INFO:root:success - 200
INFO:root:we are hitting - https://swapi.dev/api/people/4/
INFO:root:success - 200
INFO:root:we are hitting - https://swapi.dev/api/people/5/
ERROR:root:there are issues in fetching details
INFO:root:we are hitting - https://swapi.dev/api/people/1/
INFO:root:success - 200
INFO:root:we are hitting - https://swapi.dev/api/people/2/
INFO:root:success - 200
INFO:root:we are hitting - https://swapi.dev/api/people/3/
INFO:root:success - 200
INFO:root:we are hitting - https://swapi.dev/api/people/4/
INFO:root:success - 200
INFO:root:we are hitting - https://swapi.dev/api/people/5/
INFO:root:success - 200
INFO:root:we are hitting - https://swapi.dev/api/people/6/
INFO:root:success - 200
INFO:root:we are hitting - https://swapi.dev/api/people/7/
INFO:root:success - 200
INFO:root:we are hitting - https://swapi.dev/api/people/8/
INFO:root:success - 200
INFO:root:we are hitting - https://swapi.dev/api/people/9/
INFO:root:success - 200
INFO:root:we are hitting - https://swapi.dev/api/people/10/
INFO:root:success - 200
INFO:root:we are hitting - https://swapi.dev/api/people/12/
INFO:root:success - 200
INFO:root:we are hitting - https://swapi.dev/api/people/13/
INFO:root:success - 200
INFO:root:we are hitting - https://swapi.dev/api/people/14/
INFO:root:success - 200
INFO:root:we are hitting - https://swapi.dev/api/people/15/
INFO:root:success - 200
INFO:root:we are hitting - https://swapi.dev/api/people/16/
INFO:root:success - 200
INFO:root:we are hitting - https://swapi.dev/api/people/18/
INFO:root:success - 200
INFO:root:we are hitting - https://swapi.dev/api/people/19/
INFO:root:success - 200
INFO:root:we are hitting - https://swapi.dev/api/people/81/
INFO:root:success - 200
INFO:root:we are hitting - https://swapi.dev/api/planets/1/
INFO:root:success - 200
INFO:root:we are hitting - https://swapi.dev/api/planets/2/
INFO:root:success - 200
INFO:root:we are hitting - https://swapi.dev/api/planets/3/
INFO:root:success - 200
INFO:root:we are hitting - https://swapi.dev/api/people/1/
INFO:root:success - 200
INFO:root:we are hitting - https://swapi.dev/api/people/2/
INFO:root:success - 200
INFO:root:we are hitting - https://swapi.dev/api/people/3/
INFO:root:success - 200
INFO:root:we are hitting - https://swapi.dev/api/people/4/
INFO:root:success - 200
INFO:root:we are hitting - https://swapi.dev/api/people/5/
INFO:root:success - 200
INFO:root:we are hitting - https://swapi.dev/api/people/6/
INFO:root:success - 200
INFO:root:we are hitting - https://swapi.dev/api/people/7/
INFO:root:success - 200
INFO:root:we are hitting - https://swapi.dev/api/people/8/
INFO:root:success - 200
INFO:root:we are hitting - https://swapi.dev/api/people/9/
INFO:root:success - 200
INFO:root:we are hitting - https://swapi.dev/api/people/10/
INFO:root:success - 200
INFO:root:we are hitting - https://swapi.dev/api/people/12/
INFO:root:success - 200
INFO:root:we are hitting - https://swapi.dev/api/people/13/
INFO:root:success - 200
INFO:root:we are hitting - https://swapi.dev/api/people/14/
INFO:root:success - 200
INFO:root:we are hitting - https://swapi.dev/api/people/15/
INFO:root:success - 200
INFO:root:we are hitting - https://swapi.dev/api/people/16/
INFO:root:success - 200
INFO:root:we are hitting - https://swapi.dev/api/people/18/
INFO:root:success - 200
INFO:root:we are hitting - https://swapi.dev/api/people/19/
INFO:root:success - 200
INFO:root:we are hitting - https://swapi.dev/api/people/81/
INFO:root:success - 200
INFO:root:we are hitting - https://swapi.dev/api/planets/1/
INFO:root:success - 200
INFO:root:we are hitting - https://swapi.dev/api/planets/2/
INFO:root:success - 200
INFO:root:we are hitting - https://swapi.dev/api/planets/3/
INFO:root:success - 200
INFO:root:we are hitting - https://swapi.dev/api/vehicles/4/
INFO:root:success - 200
INFO:root:we are hitting - https://swapi.dev/api/vehicles/6/
INFO:root:success - 200
INFO:root:we are hitting - https://swapi.dev/api/vehicles/7/
INFO:root:success - 200
INFO:root:we are hitting - https://swapi.dev/api/vehicles/8/
INFO:root:success - 200
INFO:root:we are hitting - https://swapi.dev/api/people/1/
INFO:root:success - 200
INFO:root:we are hitting - https://swapi.dev/api/people/2/
INFO:root:success - 200
INFO:root:we are hitting - https://swapi.dev/api/people/3/
INFO:root:success - 200
INFO:root:we are hitting - https://swapi.dev/api/people/4/
INFO:root:success - 200
INFO:root:we are hitting - https://swapi.dev/api/people/5/
INFO:root:success - 200
INFO:root:we are hitting - https://swapi.dev/api/people/6/
INFO:root:success - 200
INFO:root:we are hitting - https://swapi.dev/api/people/7/
INFO:root:success - 200
INFO:root:we are hitting - https://swapi.dev/api/people/8/
INFO:root:success - 200
INFO:root:we are hitting - https://swapi.dev/api/people/9/
INFO:root:success - 200
INFO:root:we are hitting - https://swapi.dev/api/people/10/
INFO:root:success - 200
INFO:root:we are hitting - https://swapi.dev/api/people/12/
INFO:root:success - 200
INFO:root:we are hitting - https://swapi.dev/api/people/13/
INFO:root:success - 200
INFO:root:we are hitting - https://swapi.dev/api/people/14/
INFO:root:success - 200
INFO:root:we are hitting - https://swapi.dev/api/people/15/
INFO:root:success - 200
INFO:root:we are hitting - https://swapi.dev/api/people/16/
INFO:root:success - 200
INFO:root:we are hitting - https://swapi.dev/api/people/18/
INFO:root:success - 200
INFO:root:we are hitting - https://swapi.dev/api/people/19/
INFO:root:success - 200
INFO:root:we are hitting - https://swapi.dev/api/people/81/
INFO:root:success - 200
INFO:root:we are hitting - https://swapi.dev/api/planets/1/
INFO:root:success - 200
INFO:root:we are hitting - https://swapi.dev/api/planets/2/
INFO:root:success - 200
INFO:root:we are hitting - https://swapi.dev/api/planets/3/
INFO:root:success - 200
INFO:root:we are hitting - https://swapi.dev/api/vehicles/4/
INFO:root:success - 200
INFO:root:we are hitting - https://swapi.dev/api/vehicles/6/
INFO:root:success - 200
INFO:root:we are hitting - https://swapi.dev/api/vehicles/7/
INFO:root:success - 200
INFO:root:we are hitting - https://swapi.dev/api/vehicles/8/
INFO:root:success - 200
INFO:root:we are hitting - https://swapi.dev/api/people/1/
INFO:root:success - 200
INFO:root:we are hitting - https://swapi.dev/api/people/2/
INFO:root:success - 200
INFO:root:we are hitting - https://swapi.dev/api/people/3/
INFO:root:success - 200
INFO:root:we are hitting - https://swapi.dev/api/people/4/
INFO:root:success - 200
INFO:root:we are hitting - https://swapi.dev/api/people/5/
INFO:root:success - 200
INFO:root:we are hitting - https://swapi.dev/api/people/6/
INFO:root:success - 200
INFO:root:we are hitting - https://swapi.dev/api/people/7/
INFO:root:success - 200
INFO:root:we are hitting - https://swapi.dev/api/people/8/
INFO:root:success - 200
INFO:root:we are hitting - https://swapi.dev/api/people/9/
INFO:root:success - 200
INFO:root:we are hitting - https://swapi.dev/api/people/10/
INFO:root:success - 200
INFO:root:we are hitting - https://swapi.dev/api/people/12/
INFO:root:success - 200
INFO:root:we are hitting - https://swapi.dev/api/people/13/
INFO:root:success - 200
INFO:root:we are hitting - https://swapi.dev/api/people/14/
INFO:root:success - 200
INFO:root:we are hitting - https://swapi.dev/api/people/15/
INFO:root:success - 200
INFO:root:we are hitting - https://swapi.dev/api/people/16/
INFO:root:success - 200
INFO:root:we are hitting - https://swapi.dev/api/people/18/
INFO:root:success - 200
INFO:root:we are hitting - https://swapi.dev/api/people/19/
INFO:root:success - 200
INFO:root:we are hitting - https://swapi.dev/api/people/81/
INFO:root:success - 200
INFO:root:we are hitting - https://swapi.dev/api/planets/1/
INFO:root:success - 200
INFO:root:we are hitting - https://swapi.dev/api/planets/2/
INFO:root:success - 200
INFO:root:we are hitting - https://swapi.dev/api/planets/3/
INFO:root:success - 200
INFO:root:we are hitting - https://swapi.dev/api/vehicles/4/
INFO:root:success - 200
INFO:root:we are hitting - https://swapi.dev/api/vehicles/6/
INFO:root:success - 200
INFO:root:we are hitting - https://swapi.dev/api/vehicles/7/
INFO:root:success - 200
INFO:root:we are hitting - https://swapi.dev/api/vehicles/8/
INFO:root:success - 200
